<?xml version="1.0" encoding="UTF-8"?>
<!-- Generated by org.testng.reporters.JUnitXMLReporter -->
<testsuite ignored="2" hostname="DESKTOP-2DAF030" failures="0" tests="3" name="Default test" time="0.078" errors="0" timestamp="2022-02-06T14:14:25 IST">
  <testcase classname="com.TestNG_Features.Ignore_Test" name="pendrive" time="0.012"/>
  <testcase classname="com.TestNG_Features.Ignore_Test" name="smartWatch" time="0.002"/>
  <testcase classname="com.TestNG_Features.Ignore_Test" name="tv" time="0.003"/>
  <testcase classname="com.TestNG_Features.Ignore_Test" name="asusMobile" time="0.0">
    <ignored/>
  </testcase> <!-- asusMobile -->
  <testcase classname="com.TestNG_Features.Ignore_Test" name="cycle" time="0.0">
    <ignored/>
  </testcase> <!-- cycle -->
</testsuite> <!-- Default test -->
