<?xml version="1.0" encoding="UTF-8"?>
<testng-results ignored="2" total="5" passed="3" failed="0" skipped="0">
  <reporter-output>
  </reporter-output>
  <suite started-at="2022-02-06T14:17:27 IST" name="Suite" finished-at="2022-02-06T14:17:27 IST" duration-ms="84">
    <groups>
    </groups>
    <test started-at="2022-02-06T14:17:27 IST" name="Test" finished-at="2022-02-06T14:17:27 IST" duration-ms="84">
      <class name="com.TestNG_Features.Ignore_Test">
        <test-method signature="pendrive()[pri:0, instance:com.TestNG_Features.Ignore_Test@5ba3f27a]" started-at="2022-02-06T14:17:27 IST" name="pendrive" finished-at="2022-02-06T14:17:27 IST" duration-ms="11" status="PASS">
          <reporter-output>
          </reporter-output>
        </test-method> <!-- pendrive -->
        <test-method signature="smartWatch()[pri:0, instance:com.TestNG_Features.Ignore_Test@5ba3f27a]" started-at="2022-02-06T14:17:27 IST" name="smartWatch" finished-at="2022-02-06T14:17:27 IST" duration-ms="3" status="PASS">
          <reporter-output>
          </reporter-output>
        </test-method> <!-- smartWatch -->
        <test-method signature="tv()[pri:0, instance:com.TestNG_Features.Ignore_Test@5ba3f27a]" started-at="2022-02-06T14:17:27 IST" name="tv" finished-at="2022-02-06T14:17:27 IST" duration-ms="9" status="PASS">
          <reporter-output>
          </reporter-output>
        </test-method> <!-- tv -->
      </class> <!-- com.TestNG_Features.Ignore_Test -->
    </test> <!-- Test -->
  </suite> <!-- Suite -->
</testng-results>
